[2018-01-24T23:33:02.164] [ERROR] default - 19 uncaughtException: ENOENT: no such file or directory, open 'D:\Repos\repogithub\claimore_smart_contract\build\contracts\LifeInsurancePolicy.json' Error: ENOENT: no such file or directory, open 'D:\Repos\repogithub\claimore_smart_contract\build\contracts\LifeInsurancePolicy.json'
    at Object.fs.openSync (fs.js:652:18)
    at Object.fs.readFileSync (fs.js:553:33)
    at Object.<anonymous> (D:\Repos\repogithub\claimore_smart_contract\app.js:48:8)
    at Module._compile (module.js:573:30)
    at Object.Module._extensions..js (module.js:584:10)
    at Module.load (module.js:507:32)
    at tryModuleLoad (module.js:470:12)
    at Function.Module._load (module.js:462:3)
    at Function.Module.runMain (module.js:609:10)
    at startup (bootstrap_node.js:158:16) process exit 1
[2018-01-25T00:27:35.321] [ERROR] default - 19 uncaughtException: listen EADDRINUSE :::3000 Error: listen EADDRINUSE :::3000
    at Object._errnoException (util.js:1041:11)
    at _exceptionWithHostPort (util.js:1064:20)
    at Server.setupListenHandle [as _listen2] (net.js:1322:14)
    at listenInCluster (net.js:1370:12)
    at Server.listen (net.js:1466:7)
    at Function.listen (D:\Repos\repogithub\claimore_smart_contract\node_modules\express\lib\application.js:618:24)
    at Object.<anonymous> (D:\Repos\repogithub\claimore_smart_contract\app.js:362:7)
    at Module._compile (module.js:573:30)
    at Object.Module._extensions..js (module.js:584:10)
    at Module.load (module.js:507:32) process exit 1
[2018-01-25T00:28:58.851] [INFO] default - Example app listening on port 3000 and https or process.env.PORT: undefined
[2018-01-25T00:35:55.258] [INFO] default - Example app listening on port 3000 and https or process.env.PORT: undefined
